<?xml version="1.0" encoding="UTF-8"?>
<!-- Generated by org.testng.reporters.JUnitReportReporter -->
<testsuite hostname="VI-ThinkPad" name="ru.st.selenium.LoginTest" tests="2" failures="0" timestamp="31 Jul 2016 10:17:46 GMT" time="2.790" errors="0">
  <testcase name="testLoginOK" time="1.592" classname="ru.st.selenium.LoginTest"/>
  <testcase name="testLoginFailed" time="1.198" classname="ru.st.selenium.LoginTest"/>
</testsuite> <!-- ru.st.selenium.LoginTest -->
