<?xml version="1.0" encoding="UTF-8"?>
<!-- Generated by org.testng.reporters.JUnitReportReporter -->
<testsuite hostname="VI-ThinkPad" name="ru.st.selenium.AddNewUser" tests="1" failures="0" timestamp="31 Jul 2016 13:04:36 GMT" time="4.862" errors="0">
  <testcase name="addNewUserOK" time="4.862" classname="ru.st.selenium.AddNewUser"/>
</testsuite> <!-- ru.st.selenium.AddNewUser -->
